<?xml version="1.0" encoding="UTF-8"?>
<Site BuildName="Darwin-clang++"
	BuildStamp="20231224-0741-Experimental"
	Name="Asmas-MBP"
	Generator="ctest-3.27.7"
	CompilerName="/usr/bin/clang++"
	CompilerVersion="12.0.5.12050022"
	OSName="macOS"
	Hostname="Asmas-MBP"
	OSRelease="11.2"
	OSVersion="20D64"
	OSPlatform="arm64"
	Is64Bits="1"
	VendorString="IBM"
	VendorID="IBM"
	FamilyID="16777228"
	ModelID="2"
	ProcessorCacheSize="131072"
	NumberOfLogicalCPU="8"
	NumberOfPhysicalCPU="8"
	TotalVirtualMemory="9216"
	TotalPhysicalMemory="8192"
	LogicalProcessorsPerPhysical="8"
	ProcessorClockFrequency="0"
	>
	<Testing>
		<StartDateTime>Dec 24 08:41 CET</StartDateTime>
		<StartTestTime>1703403711</StartTestTime>
		<TestList/>
		<EndDateTime>Dec 24 08:41 CET</EndDateTime>
		<EndTestTime>1703403711</EndTestTime>
		<ElapsedMinutes>0</ElapsedMinutes>
	</Testing>
</Site>
